#
# There is insufficient memory for the Java Runtime Environment to continue.
# Native memory allocation (malloc) failed to allocate 32744 bytes. Error detail: Chunk::new
# Possible reasons:
#   The system is out of physical RAM or swap space
#   This process is running with CompressedOops enabled, and the Java Heap may be blocking the growth of the native heap
# Possible solutions:
#   Reduce memory load on the system
#   Increase physical memory or swap space
#   Check if swap backing store is full
#   Decrease Java heap size (-Xmx/-Xms)
#   Decrease number of Java threads
#   Decrease Java thread stack sizes (-Xss)
#   Set larger code cache with -XX:ReservedCodeCacheSize=
#   JVM is running with Unscaled Compressed Oops mode in which the Java heap is
#     placed in the first 4GB address space. The Java Heap base address is the
#     maximum limit for the native heap growth. Please use -XX:HeapBaseMinAddress
#     to set the Java Heap base and to place the Java Heap above 4GB virtual address.
# This output file may be truncated or incomplete.
#
#  Out of Memory Error (arena.cpp:150), pid=29912, tid=19512
#
# JRE version: OpenJDK Runtime Environment Temurin-22.0.1+8 (22.0.1+8) (build 22.0.1+8)
# Java VM: OpenJDK 64-Bit Server VM Temurin-22.0.1+8 (22.0.1+8, mixed mode, tiered, compressed oops, compressed class ptrs, g1 gc, windows-amd64)
# No core dump will be written. Minidumps are not enabled by default on client versions of Windows
#

---------------  S U M M A R Y ------------

Command Line: -Dfile.encoding=UTF-8 -Dstdout.encoding=UTF-8 -Dstderr.encoding=UTF-8 -XX:+ShowCodeDetailsInExceptionMessages com.automation.bolt.gui.AutomationTestRunner

Host: Intel(R) Core(TM) i5-8265U CPU @ 1.60GHz, 8 cores, 7G,  Windows 11 , 64 bit Build 26100 (10.0.26100.7019)
Time: Fri Nov  7 10:28:11 2025 India Standard Time elapsed time: 6.025721 seconds (0d 0h 0m 6s)

---------------  T H R E A D  ---------------

Current thread (0x00000272e48af870):  JavaThread "C1 CompilerThread0" daemon [_thread_in_native, id=19512, stack(0x000000f6e3a00000,0x000000f6e3b00000) (1024K)]


Current CompileTask:
C1:6025 3675       3       java.awt.Toolkit$SelectiveAWTEventListener::eventDispatched (745 bytes)

Stack: [0x000000f6e3a00000,0x000000f6e3b00000]
Native frames: (J=compiled Java code, j=interpreted, Vv=VM code, C=native code)
V  [jvm.dll+0x6ea239]  (no source info available)
V  [jvm.dll+0x8ccf93]  (no source info available)
V  [jvm.dll+0x8cf3be]  (no source info available)
V  [jvm.dll+0x8cfa93]  (no source info available)
V  [jvm.dll+0x286ea6]  (no source info available)
V  [jvm.dll+0xc3b8f]  (no source info available)
V  [jvm.dll+0xc3deb]  (no source info available)
V  [jvm.dll+0x166ab0]  (no source info available)
V  [jvm.dll+0x16944a]  (no source info available)
V  [jvm.dll+0x15cec4]  (no source info available)
V  [jvm.dll+0x15d2a6]  (no source info available)
V  [jvm.dll+0x16d256]  (no source info available)
V  [jvm.dll+0x1588fb]  (no source info available)
V  [jvm.dll+0x158d47]  (no source info available)
V  [jvm.dll+0x1590e0]  (no source info available)
V  [jvm.dll+0x15845d]  (no source info available)
V  [jvm.dll+0x15a31d]  (no source info available)
V  [jvm.dll+0x25d41b]  (no source info available)
V  [jvm.dll+0x25b6ea]  (no source info available)
V  [jvm.dll+0x3fbbb6]  (no source info available)
V  [jvm.dll+0x87538b]  (no source info available)
V  [jvm.dll+0x6e8935]  (no source info available)
C  [ucrtbase.dll+0x37b0]  (no source info available)
C  [KERNEL32.DLL+0x2e8d7]  (no source info available)
C  [ntdll.dll+0x8c53c]  (no source info available)


---------------  P R O C E S S  ---------------

Threads class SMR info:
_java_thread_list=0x00000272eb2bd1a0, length=18, elements={
0x00000272e4825520, 0x00000272e4826180, 0x00000272e484f690, 0x00000272e48500f0,
0x00000272e486fd90, 0x00000272e4865350, 0x00000272e488de30, 0x00000272e48af870,
0x00000272e4a4af20, 0x00000272e4a4e1c0, 0x00000272e91294f0, 0x00000272e957beb0,
0x00000272e95202f0, 0x00000272e966cca0, 0x00000272cc6378d0, 0x00000272ea1789a0,
0x00000272ea309330, 0x00000272ea735ab0
}

Java Threads: ( => current thread )
  0x00000272e4825520 JavaThread "Reference Handler"          daemon [_thread_blocked, id=34988, stack(0x000000f6e3300000,0x000000f6e3400000) (1024K)]
  0x00000272e4826180 JavaThread "Finalizer"                  daemon [_thread_blocked, id=33256, stack(0x000000f6e3400000,0x000000f6e3500000) (1024K)]
  0x00000272e484f690 JavaThread "Signal Dispatcher"          daemon [_thread_blocked, id=23440, stack(0x000000f6e3500000,0x000000f6e3600000) (1024K)]
  0x00000272e48500f0 JavaThread "Attach Listener"            daemon [_thread_blocked, id=15204, stack(0x000000f6e3600000,0x000000f6e3700000) (1024K)]
  0x00000272e486fd90 JavaThread "Service Thread"             daemon [_thread_blocked, id=23760, stack(0x000000f6e3700000,0x000000f6e3800000) (1024K)]
  0x00000272e4865350 JavaThread "Monitor Deflation Thread"   daemon [_thread_blocked, id=37760, stack(0x000000f6e3800000,0x000000f6e3900000) (1024K)]
  0x00000272e488de30 JavaThread "C2 CompilerThread0"         daemon [_thread_in_native, id=30632, stack(0x000000f6e3900000,0x000000f6e3a00000) (1024K)]
=>0x00000272e48af870 JavaThread "C1 CompilerThread0"         daemon [_thread_in_native, id=19512, stack(0x000000f6e3a00000,0x000000f6e3b00000) (1024K)]
  0x00000272e4a4af20 JavaThread "Notification Thread"        daemon [_thread_blocked, id=10636, stack(0x000000f6e3b00000,0x000000f6e3c00000) (1024K)]
  0x00000272e4a4e1c0 JavaThread "Common-Cleaner"             daemon [_thread_blocked, id=30960, stack(0x000000f6e3c00000,0x000000f6e3d00000) (1024K)]
  0x00000272e91294f0 JavaThread "Java2D Disposer"            daemon [_thread_blocked, id=37332, stack(0x000000f6e3e00000,0x000000f6e3f00000) (1024K)]
  0x00000272e957beb0 JavaThread "AWT-Shutdown"                      [_thread_blocked, id=1148, stack(0x000000f6e3f00000,0x000000f6e4000000) (1024K)]
  0x00000272e95202f0 JavaThread "AWT-Windows"                daemon [_thread_in_native, id=29876, stack(0x000000f6e4000000,0x000000f6e4100000) (1024K)]
  0x00000272e966cca0 JavaThread "AWT-EventQueue-0"                  [_thread_blocked, id=33640, stack(0x000000f6e4100000,0x000000f6e4200000) (1024K)]
  0x00000272cc6378d0 JavaThread "DestroyJavaVM"                     [_thread_blocked, id=10012, stack(0x000000f6e2a00000,0x000000f6e2b00000) (1024K)]
  0x00000272ea1789a0 JavaThread "Image Fetcher 0"            daemon [_thread_blocked, id=30616, stack(0x000000f6e4b00000,0x000000f6e4c00000) (1024K)]
  0x00000272ea309330 JavaThread "TimerQueue"                 daemon [_thread_blocked, id=28592, stack(0x000000f6e3d00000,0x000000f6e3e00000) (1024K)]
  0x00000272ea735ab0 JavaThread "ForkJoinPool.commonPool-worker-1" daemon [_thread_blocked, id=35360, stack(0x000000f6e4d00000,0x000000f6e4e00000) (1024K)]
Total: 18

Other Threads:
  0x00000272e47af090 VMThread "VM Thread"                           [id=6752, stack(0x000000f6e3200000,0x000000f6e3300000) (1024K)]
  0x00000272e3fd6540 WatcherThread "VM Periodic Task Thread"        [id=11300, stack(0x000000f6e3100000,0x000000f6e3200000) (1024K)]
  0x00000272cc68bed0 WorkerThread "GC Thread#0"                     [id=13728, stack(0x000000f6e2c00000,0x000000f6e2d00000) (1024K)]
  0x00000272ea08a9c0 WorkerThread "GC Thread#1"                     [id=22304, stack(0x000000f6e4200000,0x000000f6e4300000) (1024K)]
  0x00000272e9bcd0c0 WorkerThread "GC Thread#2"                     [id=33780, stack(0x000000f6e4300000,0x000000f6e4400000) (1024K)]
  0x00000272e9b8c8a0 WorkerThread "GC Thread#3"                     [id=13420, stack(0x000000f6e4400000,0x000000f6e4500000) (1024K)]
  0x00000272e9b8cc50 WorkerThread "GC Thread#4"                     [id=33244, stack(0x000000f6e4500000,0x000000f6e4600000) (1024K)]
  0x00000272e9b8d000 WorkerThread "GC Thread#5"                     [id=35772, stack(0x000000f6e4600000,0x000000f6e4700000) (1024K)]
  0x00000272ea122380 WorkerThread "GC Thread#6"                     [id=33360, stack(0x000000f6e4700000,0x000000f6e4800000) (1024K)]
  0x00000272ea122b40 WorkerThread "GC Thread#7"                     [id=32276, stack(0x000000f6e4800000,0x000000f6e4900000) (1024K)]
  0x00000272cc69ed90 ConcurrentGCThread "G1 Main Marker"            [id=19744, stack(0x000000f6e2d00000,0x000000f6e2e00000) (1024K)]
  0x00000272cc6a3c20 WorkerThread "G1 Conc#0"                       [id=28272, stack(0x000000f6e2e00000,0x000000f6e2f00000) (1024K)]
  0x00000272ea228c60 WorkerThread "G1 Conc#1"                       [id=3792, stack(0x000000f6e4a00000,0x000000f6e4b00000) (1024K)]
  0x00000272e3ea8440 ConcurrentGCThread "G1 Refine#0"               [id=20948, stack(0x000000f6e2f00000,0x000000f6e3000000) (1024K)]
  0x00000272e3ea8d70 ConcurrentGCThread "G1 Service"                [id=23312, stack(0x000000f6e3000000,0x000000f6e3100000) (1024K)]
Total: 15

Threads with active compile tasks:
C2 CompilerThread0  6147 3673       4       javax.swing.plaf.nimbus.NimbusStyle::validate (1151 bytes)
C1 CompilerThread0  6148 3675       3       java.awt.Toolkit$SelectiveAWTEventListener::eventDispatched (745 bytes)
Total: 2

VM state: not at safepoint (normal execution)

VM Mutex/Monitor currently owned by a thread: None

Heap address: 0x0000000082400000, size: 2012 MB, Compressed Oops mode: 32-bit

CDS archive(s) not mapped
Compressed class space mapped at: 0x000000001a000000-0x000000005a000000, reserved size: 1073741824
Narrow klass base: 0x0000000000000000, Narrow klass shift: 0, Narrow klass range: 0x5a000000

GC Precious Log:
 CardTable entry size: 512
 Card Set container configuration: InlinePtr #cards 5 size 8 Array Of Cards #cards 12 size 40 Howl #buckets 4 coarsen threshold 1843 Howl Bitmap #cards 512 size 80 coarsen threshold 460 Card regions per heap region 1 cards per card region 2048
 CPUs: 8 total, 8 available
 Memory: 8043M
 Large Page Support: Disabled
 NUMA Support: Disabled
 Compressed Oops: Enabled (32-bit)
 Heap Region Size: 1M
 Heap Min Capacity: 8M
 Heap Initial Capacity: 126M
 Heap Max Capacity: 2012M
 Pre-touch: Disabled
 Parallel Workers: 8
 Concurrent Workers: 2
 Concurrent Refinement Workers: 8
 Periodic GC: Disabled

Heap:
 garbage-first heap   total reserved 2060288K, committed 45056K, used 30598K [0x0000000082400000, 0x0000000100000000)
  region size 1024K, 8 young (8192K), 1 survivors (1024K)
 Metaspace       used 37832K, committed 38208K, reserved 1114112K
  class space    used 4286K, committed 4480K, reserved 1048576K

Heap Regions: E=young(eden), S=young(survivor), O=old, HS=humongous(starts), HC=humongous(continues), CS=collection set, F=free, TAMS=top-at-mark-start, PB=parsable bottom
|   0|0x0000000082400000, 0x0000000082500000, 0x0000000082500000|100%|HS|  |TAMS 0x0000000082400000| PB 0x0000000082400000| Complete |  0
|   1|0x0000000082500000, 0x0000000082600000, 0x0000000082600000|100%| O|  |TAMS 0x0000000082500000| PB 0x0000000082500000| Untracked |  0
|   2|0x0000000082600000, 0x0000000082700000, 0x0000000082700000|100%| O|  |TAMS 0x0000000082600000| PB 0x0000000082600000| Untracked |  0
|   3|0x0000000082700000, 0x0000000082800000, 0x0000000082800000|100%| O|Cm|TAMS 0x0000000082700000| PB 0x0000000082700000| Complete |  0
|   4|0x0000000082800000, 0x0000000082900000, 0x0000000082900000|100%| O|  |TAMS 0x0000000082800000| PB 0x0000000082800000| Untracked |  0
|   5|0x0000000082900000, 0x0000000082a00000, 0x0000000082a00000|100%| O|  |TAMS 0x0000000082900000| PB 0x0000000082900000| Untracked |  0
|   6|0x0000000082a00000, 0x0000000082b00000, 0x0000000082b00000|100%| O|  |TAMS 0x0000000082a00000| PB 0x0000000082a00000| Untracked |  0
|   7|0x0000000082b00000, 0x0000000082c00000, 0x0000000082c00000|100%| O|  |TAMS 0x0000000082b00000| PB 0x0000000082b00000| Untracked |  0
|   8|0x0000000082c00000, 0x0000000082d00000, 0x0000000082d00000|100%| O|  |TAMS 0x0000000082c00000| PB 0x0000000082c00000| Untracked |  0
|   9|0x0000000082d00000, 0x0000000082e00000, 0x0000000082e00000|100%| O|  |TAMS 0x0000000082d00000| PB 0x0000000082d00000| Untracked |  0
|  10|0x0000000082e00000, 0x0000000082f00000, 0x0000000082f00000|100%| O|  |TAMS 0x0000000082e00000| PB 0x0000000082e00000| Untracked |  0
|  11|0x0000000082f00000, 0x0000000083000000, 0x0000000083000000|100%| O|  |TAMS 0x0000000082f00000| PB 0x0000000082f00000| Untracked |  0
|  12|0x0000000083000000, 0x0000000083100000, 0x0000000083100000|100%| O|  |TAMS 0x0000000083000000| PB 0x0000000083000000| Untracked |  0
|  13|0x0000000083100000, 0x0000000083200000, 0x0000000083200000|100%| O|  |TAMS 0x0000000083100000| PB 0x0000000083100000| Untracked |  0
|  14|0x0000000083200000, 0x0000000083300000, 0x0000000083300000|100%| O|  |TAMS 0x0000000083200000| PB 0x0000000083200000| Untracked |  0
|  15|0x0000000083300000, 0x0000000083354630, 0x0000000083400000| 32%| O|  |TAMS 0x0000000083300000| PB 0x0000000083300000| Untracked |  0
|  16|0x0000000083400000, 0x0000000083500000, 0x0000000083500000|100%|HS|  |TAMS 0x0000000083400000| PB 0x0000000083400000| Complete |  0
|  17|0x0000000083500000, 0x0000000083600000, 0x0000000083600000|100%|HC|  |TAMS 0x0000000083500000| PB 0x0000000083500000| Complete |  0
|  18|0x0000000083600000, 0x0000000083700000, 0x0000000083700000|100%| O|  |TAMS 0x0000000083600000| PB 0x0000000083600000| Untracked |  0
|  19|0x0000000083700000, 0x0000000083800000, 0x0000000083800000|100%| O|  |TAMS 0x0000000083700000| PB 0x0000000083700000| Untracked |  0
|  20|0x0000000083800000, 0x0000000083900000, 0x0000000083900000|100%| O|  |TAMS 0x0000000083800000| PB 0x0000000083800000| Untracked |  0
|  21|0x0000000083900000, 0x0000000083a00000, 0x0000000083a00000|100%|HS|  |TAMS 0x0000000083900000| PB 0x0000000083900000| Complete |  0
|  22|0x0000000083a00000, 0x0000000083b00000, 0x0000000083b00000|100%|HC|  |TAMS 0x0000000083a00000| PB 0x0000000083a00000| Complete |  0
|  23|0x0000000083b00000, 0x0000000083c00000, 0x0000000083c00000|100%|HC|  |TAMS 0x0000000083b00000| PB 0x0000000083b00000| Complete |  0
|  24|0x0000000083c00000, 0x0000000083c00000, 0x0000000083d00000|  0%| F|  |TAMS 0x0000000083c00000| PB 0x0000000083c00000| Untracked |  0
|  25|0x0000000083d00000, 0x0000000083d00000, 0x0000000083e00000|  0%| F|  |TAMS 0x0000000083d00000| PB 0x0000000083d00000| Untracked |  0
|  26|0x0000000083e00000, 0x0000000083e00000, 0x0000000083f00000|  0%| F|  |TAMS 0x0000000083e00000| PB 0x0000000083e00000| Untracked |  0
|  27|0x0000000083f00000, 0x0000000083f00000, 0x0000000084000000|  0%| F|  |TAMS 0x0000000083f00000| PB 0x0000000083f00000| Untracked |  0
|  28|0x0000000084000000, 0x0000000084000000, 0x0000000084100000|  0%| F|  |TAMS 0x0000000084000000| PB 0x0000000084000000| Untracked |  0
|  29|0x0000000084100000, 0x0000000084100000, 0x0000000084200000|  0%| F|  |TAMS 0x0000000084100000| PB 0x0000000084100000| Untracked |  0
|  30|0x0000000084200000, 0x0000000084200000, 0x0000000084300000|  0%| F|  |TAMS 0x0000000084200000| PB 0x0000000084200000| Untracked |  0
|  31|0x0000000084300000, 0x0000000084300000, 0x0000000084400000|  0%| F|  |TAMS 0x0000000084300000| PB 0x0000000084300000| Untracked |  0
|  32|0x0000000084400000, 0x0000000084400000, 0x0000000084500000|  0%| F|  |TAMS 0x0000000084400000| PB 0x0000000084400000| Untracked |  0
|  33|0x0000000084500000, 0x0000000084500000, 0x0000000084600000|  0%| F|  |TAMS 0x0000000084500000| PB 0x0000000084500000| Untracked |  0
|  34|0x0000000084600000, 0x0000000084600000, 0x0000000084700000|  0%| F|  |TAMS 0x0000000084600000| PB 0x0000000084600000| Untracked |  0
|  35|0x0000000084700000, 0x0000000084700000, 0x0000000084800000|  0%| F|  |TAMS 0x0000000084700000| PB 0x0000000084700000| Untracked |  0
|  36|0x0000000084800000, 0x000000008481b1b0, 0x0000000084900000| 10%| E|  |TAMS 0x0000000084800000| PB 0x0000000084800000| Complete |  0
|  37|0x0000000084900000, 0x0000000084a00000, 0x0000000084a00000|100%| E|CS|TAMS 0x0000000084900000| PB 0x0000000084900000| Complete |  0
|  38|0x0000000084a00000, 0x0000000084b00000, 0x0000000084b00000|100%| E|CS|TAMS 0x0000000084a00000| PB 0x0000000084a00000| Complete |  0
|  39|0x0000000084b00000, 0x0000000084c00000, 0x0000000084c00000|100%| E|CS|TAMS 0x0000000084b00000| PB 0x0000000084b00000| Complete |  0
|  40|0x0000000084c00000, 0x0000000084d00000, 0x0000000084d00000|100%| E|CS|TAMS 0x0000000084c00000| PB 0x0000000084c00000| Complete |  0
| 114|0x0000000089600000, 0x0000000089700000, 0x0000000089700000|100%| E|CS|TAMS 0x0000000089600000| PB 0x0000000089600000| Complete |  0
| 115|0x0000000089700000, 0x000000008978d540, 0x0000000089800000| 55%| S|CS|TAMS 0x0000000089700000| PB 0x0000000089700000| Complete |  0
| 125|0x000000008a100000, 0x000000008a200000, 0x000000008a200000|100%| E|CS|TAMS 0x000000008a100000| PB 0x000000008a100000| Complete |  0

Card table byte_map: [0x00000272df910000,0x00000272dfd00000] _byte_map_base: 0x00000272df4fe000

Marking Bits: (CMBitMap*) 0x00000272cc68c5e0
 Bits: [0x00000272dfd00000, 0x00000272e1c70000)

Polling page: 0x00000272ca3f0000

Metaspace:

Usage:
  Non-class:     32.76 MB used.
      Class:      4.19 MB used.
       Both:     36.95 MB used.

Virtual space:
  Non-class space:       64.00 MB reserved,      32.94 MB ( 51%) committed,  1 nodes.
      Class space:        1.00 GB reserved,       4.38 MB ( <1%) committed,  1 nodes.
             Both:        1.06 GB reserved,      37.31 MB (  3%) committed. 

Chunk freelists:
   Non-Class:  14.83 MB
       Class:  11.61 MB
        Both:  26.44 MB

MaxMetaspaceSize: unlimited
CompressedClassSpaceSize: 1.00 GB
Initial GC threshold: 21.00 MB
Current GC threshold: 59.19 MB
CDS: off
 - commit_granule_bytes: 65536.
 - commit_granule_words: 8192.
 - virtual_space_node_default_size: 8388608.
 - enlarge_chunks_in_place: 1.
 - use_allocation_guard: 0.


Internal statistics:

num_allocs_failed_limit: 9.
num_arena_births: 336.
num_arena_deaths: 0.
num_vsnodes_births: 2.
num_vsnodes_deaths: 0.
num_space_committed: 597.
num_space_uncommitted: 0.
num_chunks_returned_to_freelist: 9.
num_chunks_taken_from_freelist: 863.
num_chunk_merges: 6.
num_chunk_splits: 564.
num_chunks_enlarged: 390.
num_inconsistent_stats: 0.

CodeHeap 'non-profiled nmethods': size=120000Kb used=1409Kb max_used=1409Kb free=118590Kb
 bounds [0x00000272d7bb0000, 0x00000272d7e20000, 0x00000272df0e0000]
CodeHeap 'profiled nmethods': size=120000Kb used=6605Kb max_used=6605Kb free=113394Kb
 bounds [0x00000272d00e0000, 0x00000272d0760000, 0x00000272d7610000]
CodeHeap 'non-nmethods': size=5760Kb used=1750Kb max_used=1773Kb free=4009Kb
 bounds [0x00000272d7610000, 0x00000272d7880000, 0x00000272d7bb0000]
 total_blobs=4277 nmethods=3499 adapters=681
 compilation: enabled
              stopped_count=0, restarted_count=0
 full_count=0

Compilation events (20 events):
Event: 5.987 Thread 0x00000272e488de30 3665       4       sun.awt.SunToolkit::targetToAppContext (30 bytes)
Event: 5.989 Thread 0x00000272e488de30 nmethod 3665 0x00000272d7d0f790 code [0x00000272d7d0f940, 0x00000272d7d0fae0]
Event: 6.005 Thread 0x00000272e48af870 3666       3       java.util.IdentityHashMap::get (60 bytes)
Event: 6.006 Thread 0x00000272e48af870 nmethod 3666 0x00000272d0751710 code [0x00000272d0751900, 0x00000272d0751d50]
Event: 6.006 Thread 0x00000272e48af870 3667       3       sun.font.FileFontStrike::getCachedGlyphPtrInternal (120 bytes)
Event: 6.006 Thread 0x00000272e48af870 nmethod 3667 0x00000272d0751f90 code [0x00000272d0752180, 0x00000272d0752608]
Event: 6.006 Thread 0x00000272e48af870 3668       1       sun.java2d.SurfaceData::isValid (5 bytes)
Event: 6.006 Thread 0x00000272e48af870 nmethod 3668 0x00000272d7d0fc90 code [0x00000272d7d0fe20, 0x00000272d7d0fef0]
Event: 6.012 Thread 0x00000272e48af870 3669       1       java.awt.event.MouseEvent::getX (5 bytes)
Event: 6.012 Thread 0x00000272e48af870 nmethod 3669 0x00000272d7d0ff90 code [0x00000272d7d10120, 0x00000272d7d101e8]
Event: 6.012 Thread 0x00000272e48af870 3671       3       java.awt.event.MouseEvent::getModifiersEx (29 bytes)
Event: 6.012 Thread 0x00000272e48af870 nmethod 3671 0x00000272d0752890 code [0x00000272d0752a60, 0x00000272d0752e48]
Event: 6.012 Thread 0x00000272e48af870 3670       1       java.awt.event.MouseEvent::getY (5 bytes)
Event: 6.012 Thread 0x00000272e48af870 nmethod 3670 0x00000272d7d10290 code [0x00000272d7d10420, 0x00000272d7d104e8]
Event: 6.012 Thread 0x00000272e48af870 3672       3       java.awt.geom.AffineTransform::getType (17 bytes)
Event: 6.012 Thread 0x00000272e488de30 3673       4       javax.swing.plaf.nimbus.NimbusStyle::validate (1151 bytes)
Event: 6.012 Thread 0x00000272e48af870 nmethod 3672 0x00000272d0753010 code [0x00000272d07531c0, 0x00000272d0753340]
Event: 6.012 Thread 0x00000272e48af870 3674       3       sun.awt.Win32GraphicsConfig::getDefaultTransform (24 bytes)
Event: 6.013 Thread 0x00000272e48af870 nmethod 3674 0x00000272d0753410 code [0x00000272d07535c0, 0x00000272d0753828]
Event: 6.019 Thread 0x00000272e48af870 3675       3       java.awt.Toolkit$SelectiveAWTEventListener::eventDispatched (745 bytes)

GC Heap History (10 events):
Event: 0.937 GC heap before
{Heap before GC invocations=0 (full 0):
 garbage-first heap   total reserved 2060288K, committed 129024K, used 25600K [0x0000000082400000, 0x0000000100000000)
  region size 1024K, 24 young (24576K), 0 survivors (0K)
 Metaspace       used 18874K, committed 19072K, reserved 1114112K
  class space    used 2007K, committed 2112K, reserved 1048576K
}
Event: 0.943 GC heap after
{Heap after GC invocations=1 (full 0):
 garbage-first heap   total reserved 2060288K, committed 129024K, used 10325K [0x0000000082400000, 0x0000000100000000)
  region size 1024K, 3 young (3072K), 3 survivors (3072K)
 Metaspace       used 18874K, committed 19072K, reserved 1114112K
  class space    used 2007K, committed 2112K, reserved 1048576K
}
Event: 1.247 GC heap before
{Heap before GC invocations=1 (full 0):
 garbage-first heap   total reserved 2060288K, committed 129024K, used 19541K [0x0000000082400000, 0x0000000100000000)
  region size 1024K, 13 young (13312K), 3 survivors (3072K)
 Metaspace       used 21337K, committed 21504K, reserved 1114112K
  class space    used 2336K, committed 2432K, reserved 1048576K
}
Event: 1.252 GC heap after
{Heap after GC invocations=2 (full 0):
 garbage-first heap   total reserved 2060288K, committed 129024K, used 12383K [0x0000000082400000, 0x0000000100000000)
  region size 1024K, 2 young (2048K), 2 survivors (2048K)
 Metaspace       used 21337K, committed 21504K, reserved 1114112K
  class space    used 2336K, committed 2432K, reserved 1048576K
}
Event: 3.417 GC heap before
{Heap before GC invocations=3 (full 0):
 garbage-first heap   total reserved 2060288K, committed 45056K, used 35935K [0x0000000082400000, 0x0000000100000000)
  region size 1024K, 26 young (26624K), 2 survivors (2048K)
 Metaspace       used 29898K, committed 30144K, reserved 1114112K
  class space    used 3393K, committed 3520K, reserved 1048576K
}
Event: 3.422 GC heap after
{Heap after GC invocations=4 (full 0):
 garbage-first heap   total reserved 2060288K, committed 45056K, used 15700K [0x0000000082400000, 0x0000000100000000)
  region size 1024K, 4 young (4096K), 4 survivors (4096K)
 Metaspace       used 29898K, committed 30144K, reserved 1114112K
  class space    used 3393K, committed 3520K, reserved 1048576K
}
Event: 3.929 GC heap before
{Heap before GC invocations=4 (full 0):
 garbage-first heap   total reserved 2060288K, committed 45056K, used 30036K [0x0000000082400000, 0x0000000100000000)
  region size 1024K, 19 young (19456K), 4 survivors (4096K)
 Metaspace       used 35702K, committed 35968K, reserved 1114112K
  class space    used 4022K, committed 4160K, reserved 1048576K
}
Event: 3.935 GC heap after
{Heap after GC invocations=5 (full 0):
 garbage-first heap   total reserved 2060288K, committed 45056K, used 18715K [0x0000000082400000, 0x0000000100000000)
  region size 1024K, 3 young (3072K), 3 survivors (3072K)
 Metaspace       used 35702K, committed 35968K, reserved 1114112K
  class space    used 4022K, committed 4160K, reserved 1048576K
}
Event: 3.956 GC heap before
{Heap before GC invocations=5 (full 0):
 garbage-first heap   total reserved 2060288K, committed 45056K, used 18715K [0x0000000082400000, 0x0000000100000000)
  region size 1024K, 4 young (4096K), 3 survivors (3072K)
 Metaspace       used 35997K, committed 36288K, reserved 1114112K
  class space    used 4059K, committed 4224K, reserved 1048576K
}
Event: 3.959 GC heap after
{Heap after GC invocations=6 (full 0):
 garbage-first heap   total reserved 2060288K, committed 45056K, used 19334K [0x0000000082400000, 0x0000000100000000)
  region size 1024K, 1 young (1024K), 1 survivors (1024K)
 Metaspace       used 35997K, committed 36288K, reserved 1114112K
  class space    used 4059K, committed 4224K, reserved 1048576K
}

Dll operation events (13 events):
Event: 0.010 Loaded shared library C:\Users\zakir\.p2\pool\plugins\org.eclipse.justj.openjdk.hotspot.jre.full.win32.x86_64_22.0.1.v20240426-1149\jre\bin\java.dll
Event: 0.016 Loaded shared library C:\Users\zakir\.p2\pool\plugins\org.eclipse.justj.openjdk.hotspot.jre.full.win32.x86_64_22.0.1.v20240426-1149\jre\bin\zip.dll
Event: 0.229 Loaded shared library C:\Users\zakir\.p2\pool\plugins\org.eclipse.justj.openjdk.hotspot.jre.full.win32.x86_64_22.0.1.v20240426-1149\jre\bin\jimage.dll
Event: 0.241 Loaded shared library C:\Users\zakir\.p2\pool\plugins\org.eclipse.justj.openjdk.hotspot.jre.full.win32.x86_64_22.0.1.v20240426-1149\jre\bin\net.dll
Event: 0.243 Loaded shared library C:\Users\zakir\.p2\pool\plugins\org.eclipse.justj.openjdk.hotspot.jre.full.win32.x86_64_22.0.1.v20240426-1149\jre\bin\nio.dll
Event: 0.249 Loaded shared library C:\Users\zakir\.p2\pool\plugins\org.eclipse.justj.openjdk.hotspot.jre.full.win32.x86_64_22.0.1.v20240426-1149\jre\bin\zip.dll
Event: 0.401 Loaded shared library C:\Users\zakir\.p2\pool\plugins\org.eclipse.justj.openjdk.hotspot.jre.full.win32.x86_64_22.0.1.v20240426-1149\jre\bin\awt.dll
Event: 0.542 Loaded shared library C:\Users\zakir\.p2\pool\plugins\org.eclipse.justj.openjdk.hotspot.jre.full.win32.x86_64_22.0.1.v20240426-1149\jre\bin\freetype.dll
Event: 0.543 Loaded shared library C:\Users\zakir\.p2\pool\plugins\org.eclipse.justj.openjdk.hotspot.jre.full.win32.x86_64_22.0.1.v20240426-1149\jre\bin\fontmanager.dll
Event: 3.243 Loaded shared library C:\Users\zakir\.p2\pool\plugins\org.eclipse.justj.openjdk.hotspot.jre.full.win32.x86_64_22.0.1.v20240426-1149\jre\bin\management.dll
Event: 3.247 Loaded shared library C:\Users\zakir\.p2\pool\plugins\org.eclipse.justj.openjdk.hotspot.jre.full.win32.x86_64_22.0.1.v20240426-1149\jre\bin\management_ext.dll
Event: 3.803 Loaded shared library C:\Users\zakir\.p2\pool\plugins\org.eclipse.justj.openjdk.hotspot.jre.full.win32.x86_64_22.0.1.v20240426-1149\jre\bin\verify.dll
Event: 4.351 Loaded shared library C:\Users\zakir\.p2\pool\plugins\org.eclipse.justj.openjdk.hotspot.jre.full.win32.x86_64_22.0.1.v20240426-1149\jre\bin\javajpeg.dll

Deoptimization events (20 events):
Event: 4.311 Thread 0x00000272e966cca0 DEOPT PACKING pc=0x00000272d071fb33 sp=0x000000f6e41fd2b0
Event: 4.311 Thread 0x00000272e966cca0 DEOPT UNPACKING pc=0x00000272d7664e42 sp=0x000000f6e41fc768 mode 0
Event: 4.311 Thread 0x00000272e966cca0 DEOPT PACKING pc=0x00000272d071fb33 sp=0x000000f6e41fd2b0
Event: 4.311 Thread 0x00000272e966cca0 DEOPT UNPACKING pc=0x00000272d7664e42 sp=0x000000f6e41fc768 mode 0
Event: 4.312 Thread 0x00000272e966cca0 DEOPT PACKING pc=0x00000272d071fb33 sp=0x000000f6e41fd2b0
Event: 4.312 Thread 0x00000272e966cca0 DEOPT UNPACKING pc=0x00000272d7664e42 sp=0x000000f6e41fc768 mode 0
Event: 4.313 Thread 0x00000272e966cca0 DEOPT PACKING pc=0x00000272d071fb33 sp=0x000000f6e41fd1c0
Event: 4.313 Thread 0x00000272e966cca0 DEOPT UNPACKING pc=0x00000272d7664e42 sp=0x000000f6e41fc678 mode 0
Event: 4.320 Thread 0x00000272e966cca0 Uncommon trap: trap_request=0xffffff45 fr.pc=0x00000272d7c56188 relative=0x00000000000001e8
Event: 4.320 Thread 0x00000272e966cca0 Uncommon trap: reason=unstable_if action=reinterpret pc=0x00000272d7c56188 method=javax.swing.JComponent.getClientProperty(Ljava/lang/Object;)Ljava/lang/Object; @ 16 c2
Event: 4.320 Thread 0x00000272e966cca0 DEOPT PACKING pc=0x00000272d7c56188 sp=0x000000f6e41fd440
Event: 4.320 Thread 0x00000272e966cca0 DEOPT UNPACKING pc=0x00000272d76646a2 sp=0x000000f6e41fd408 mode 2
Event: 4.331 Thread 0x00000272e966cca0 Uncommon trap: trap_request=0xffffff76 fr.pc=0x00000272d7d01910 relative=0x0000000000000430
Event: 4.331 Thread 0x00000272e966cca0 Uncommon trap: reason=predicate action=maybe_recompile pc=0x00000272d7d01910 method=java.awt.LinearGradientPaintContext.fillRaster([IIIIIII)V @ 53 c2
Event: 4.331 Thread 0x00000272e966cca0 DEOPT PACKING pc=0x00000272d7d01910 sp=0x000000f6e41fcae0
Event: 4.331 Thread 0x00000272e966cca0 DEOPT UNPACKING pc=0x00000272d76646a2 sp=0x000000f6e41fca48 mode 2
Event: 4.331 Thread 0x00000272e966cca0 Uncommon trap: trap_request=0xffffff45 fr.pc=0x00000272d7cff840 relative=0x0000000000000100
Event: 4.331 Thread 0x00000272e966cca0 Uncommon trap: reason=unstable_if action=reinterpret pc=0x00000272d7cff840 method=java.awt.MultipleGradientPaintContext.indexIntoGradientsArrays(F)I @ 93 c2
Event: 4.331 Thread 0x00000272e966cca0 DEOPT PACKING pc=0x00000272d7cff840 sp=0x000000f6e41fca30
Event: 4.331 Thread 0x00000272e966cca0 DEOPT UNPACKING pc=0x00000272d76646a2 sp=0x000000f6e41fc9b8 mode 2

Classes loaded (20 events):
Event: 4.365 Loading class java/awt/Container$MouseEventTargetFilter
Event: 4.365 Loading class java/awt/Container$EventTargetFilter
Event: 4.365 Loading class java/awt/Container$EventTargetFilter done
Event: 4.365 Loading class java/awt/Container$MouseEventTargetFilter done
Event: 4.365 Loading class java/awt/LightweightDispatcher$1
Event: 4.365 Loading class java/awt/LightweightDispatcher$1 done
Event: 4.366 Loading class java/awt/event/MouseWheelEvent
Event: 4.366 Loading class java/awt/event/MouseWheelEvent done
Event: 4.366 Loading class java/awt/TextComponent
Event: 4.367 Loading class java/awt/TextComponent done
Event: 4.367 Loading class java/awt/KeyboardFocusManager$3
Event: 4.367 Loading class java/awt/KeyboardFocusManager$3 done
Event: 4.374 Loading class sun/awt/im/CompositionAreaHandler
Event: 4.374 Loading class sun/awt/im/CompositionAreaHandler done
Event: 4.375 Loading class java/text/AttributedString
Event: 4.375 Loading class java/text/AttributedString done
Event: 4.375 Loading class java/text/AttributedString$AttributedStringIterator
Event: 4.375 Loading class java/text/AttributedCharacterIterator
Event: 4.375 Loading class java/text/AttributedCharacterIterator done
Event: 4.375 Loading class java/text/AttributedString$AttributedStringIterator done

Classes unloaded (0 events):
No events

Classes redefined (0 events):
No events

Internal exceptions (20 events):
Event: 3.053 Thread 0x00000272e966cca0 Exception <a 'java/lang/NoSuchMethodError'{0x00000000845c9d20}: 'int java.lang.invoke.DirectMethodHandle$Holder.invokeStatic(java.lang.Object)'> (0x00000000845c9d20) 
thrown [s\src\hotspot\share\interpreter\linkResolver.cpp, line 774]
Event: 3.054 Thread 0x00000272e966cca0 Exception <a 'java/lang/NoSuchMethodError'{0x00000000845cd3a8}: 'int java.lang.invoke.DirectMethodHandle$Holder.invokeStaticInit(java.lang.Object)'> (0x00000000845cd3a8) 
thrown [s\src\hotspot\share\interpreter\linkResolver.cpp, line 774]
Event: 3.063 Thread 0x00000272e966cca0 Exception <a 'java/lang/NoSuchMethodError'{0x0000000084405900}: 'void java.lang.invoke.DirectMethodHandle$Holder.invokeStatic(java.lang.Object, java.lang.Object, java.lang.Object)'> (0x0000000084405900) 
thrown [s\src\hotspot\share\interpreter\linkResolver.cpp, line 774]
Event: 3.071 Thread 0x00000272e966cca0 Exception <a 'java/lang/NoSuchMethodError'{0x00000000844257b8}: 'java.lang.Object java.lang.invoke.DirectMethodHandle$Holder.invokeStatic(java.lang.Object, java.lang.Object, int)'> (0x00000000844257b8) 
thrown [s\src\hotspot\share\interpreter\linkResolver.cpp, line 774]
Event: 3.072 Thread 0x00000272e966cca0 Exception <a 'java/lang/NoSuchMethodError'{0x00000000844305c0}: 'void java.lang.invoke.DelegatingMethodHandle$Holder.delegate(java.lang.Object, java.lang.Object, int, java.lang.Object)'> (0x00000000844305c0) 
thrown [s\src\hotspot\share\interpreter\linkResolver.cpp, line 774]
Event: 3.081 Thread 0x00000272e966cca0 Exception <a 'java/lang/IncompatibleClassChangeError'{0x000000008446df78}: Found class java.lang.Object, but interface was expected> (0x000000008446df78) 
thrown [s\src\hotspot\share\interpreter\linkResolver.cpp, line 841]
Event: 3.084 Thread 0x00000272e966cca0 Exception <a 'java/lang/NoSuchMethodError'{0x0000000084489fb0}: 'java.lang.Object java.lang.invoke.DirectMethodHandle$Holder.newInvokeSpecial(java.lang.Object, java.lang.Object, java.lang.Object, int, java.lang.Object)'> (0x0000000084489fb0) 
thrown [s\src\hotspot\share\interpreter\linkResolver.cpp, line 774]
Event: 3.219 Thread 0x00000272e966cca0 Exception <a 'java/lang/NoSuchMethodError'{0x0000000083d37750}: 'java.lang.Object java.lang.invoke.DirectMethodHandle$Holder.newInvokeSpecial(java.lang.Object, long, int, java.lang.Object)'> (0x0000000083d37750) 
thrown [s\src\hotspot\share\interpreter\linkResolver.cpp, line 774]
Event: 3.230 Thread 0x00000272e966cca0 Exception <a 'java/lang/NoSuchMethodError'{0x0000000083d8c9d8}: 'void java.lang.invoke.DirectMethodHandle$Holder.invokeStaticInit(java.lang.Object, java.lang.Object, java.lang.Object, java.lang.Object)'> (0x0000000083d8c9d8) 
thrown [s\src\hotspot\share\interpreter\linkResolver.cpp, line 774]
Event: 3.355 Thread 0x00000272e966cca0 Exception <a 'java/lang/NoSuchMethodError'{0x0000000083904d38}: 'java.lang.Object java.lang.invoke.Invokers$Holder.invokeExact_MT(java.lang.Object, java.lang.Object, java.lang.Object, java.lang.Object, java.lang.Object)'> (0x0000000083904d38) 
thrown [s\src\hotspot\share\interpreter\linkResolver.cpp, line 774]
Event: 3.553 Thread 0x00000272e966cca0 Implicit null exception at 0x00000272d7c935c0 to 0x00000272d7c9362a
Event: 3.560 Thread 0x00000272e966cca0 Exception <a 'java/lang/NoSuchMethodError'{0x0000000084c714d0}: 'void java.lang.invoke.Invokers$Holder.invokeExact_MT(java.lang.Object, java.lang.Object, java.lang.Object, java.lang.Object)'> (0x0000000084c714d0) 
thrown [s\src\hotspot\share\interpreter\linkResolver.cpp, line 774]
Event: 3.568 Thread 0x00000272e966cca0 Exception <a 'java/lang/NoSuchMethodError'{0x0000000084cb2778}: 'void java.lang.invoke.DelegatingMethodHandle$Holder.reinvoke_L(java.lang.Object, java.lang.Object, int)'> (0x0000000084cb2778) 
thrown [s\src\hotspot\share\interpreter\linkResolver.cpp, line 774]
Event: 3.569 Thread 0x00000272e966cca0 Exception <a 'java/lang/NoSuchMethodError'{0x0000000084cb8ff8}: 'int java.lang.invoke.Invokers$Holder.invokeExact_MT(java.lang.Object, java.lang.Object, java.lang.Object)'> (0x0000000084cb8ff8) 
thrown [s\src\hotspot\share\interpreter\linkResolver.cpp, line 774]
Event: 3.600 Thread 0x00000272e966cca0 Exception <a 'sun/nio/fs/WindowsException'{0x0000000084b95148}> (0x0000000084b95148) 
thrown [s\src\hotspot\share\prims\jni.cpp, line 520]
Event: 3.607 Thread 0x00000272e966cca0 Exception <a 'java/lang/NoSuchMethodError'{0x0000000084bd1428}: 'java.lang.Object java.lang.invoke.Invokers$Holder.invokeExact_MT(java.lang.Object, java.lang.Object, java.lang.Object, java.lang.Object, java.lang.Object, java.lang.Object)'> (0x0000000084bd1428) 
thrown [s\src\hotspot\share\interpreter\linkResolver.cpp, line 774]
Event: 3.625 Thread 0x00000272e966cca0 Exception <a 'java/lang/NoSuchMethodError'{0x0000000084a16bd8}: 'int java.lang.invoke.DirectMethodHandle$Holder.invokeInterface(java.lang.Object, java.lang.Object)'> (0x0000000084a16bd8) 
thrown [s\src\hotspot\share\interpreter\linkResolver.cpp, line 774]
Event: 3.625 Thread 0x00000272e966cca0 Exception <a 'java/lang/IncompatibleClassChangeError'{0x0000000084a1a098}: Found class java.lang.Object, but interface was expected> (0x0000000084a1a098) 
thrown [s\src\hotspot\share\interpreter\linkResolver.cpp, line 841]
Event: 3.626 Thread 0x00000272e966cca0 Exception <a 'java/lang/NoSuchMethodError'{0x0000000084a1f4b8}: 'void java.lang.invoke.DirectMethodHandle$Holder.invokeStatic(java.lang.Object, java.lang.Object)'> (0x0000000084a1f4b8) 
thrown [s\src\hotspot\share\interpreter\linkResolver.cpp, line 774]
Event: 3.679 Thread 0x00000272e966cca0 Exception <a 'java/lang/NoSuchMethodError'{0x0000000084803048}: 'java.lang.Object java.lang.invoke.DirectMethodHandle$Holder.invokeStaticInit(java.lang.Object, java.lang.Object, java.lang.Object)'> (0x0000000084803048) 
thrown [s\src\hotspot\share\interpreter\linkResolver.cpp, line 774]

ZGC Phase Switch (0 events):
No events

VM Operations (20 events):
Event: 3.953 Executing VM operation: HandshakeAllThreads (Deoptimize)
Event: 3.953 Executing VM operation: HandshakeAllThreads (Deoptimize) done
Event: 3.956 Executing VM operation: CollectForMetadataAllocation (Metadata GC Threshold)
Event: 3.959 Executing VM operation: CollectForMetadataAllocation (Metadata GC Threshold) done
Event: 3.972 Executing VM operation: G1PauseRemark
Event: 3.973 Executing VM operation: G1PauseRemark done
Event: 3.978 Executing VM operation: G1PauseCleanup
Event: 3.978 Executing VM operation: G1PauseCleanup done
Event: 4.092 Executing VM operation: HandshakeAllThreads (Deoptimize)
Event: 4.092 Executing VM operation: HandshakeAllThreads (Deoptimize) done
Event: 4.207 Executing VM operation: HandshakeAllThreads (Deoptimize)
Event: 4.207 Executing VM operation: HandshakeAllThreads (Deoptimize) done
Event: 4.261 Executing VM operation: HandshakeAllThreads (Deoptimize)
Event: 4.262 Executing VM operation: HandshakeAllThreads (Deoptimize) done
Event: 4.267 Executing VM operation: HandshakeAllThreads (Deoptimize)
Event: 4.267 Executing VM operation: HandshakeAllThreads (Deoptimize) done
Event: 4.341 Executing VM operation: HandshakeAllThreads (Deoptimize)
Event: 4.342 Executing VM operation: HandshakeAllThreads (Deoptimize) done
Event: 5.353 Executing VM operation: Cleanup
Event: 5.353 Executing VM operation: Cleanup done

Events (20 events):
Event: 3.973 Thread 0x00000272e47af090 flushing nmethod 0x00000272d7c29610
Event: 3.973 Thread 0x00000272e47af090 flushing nmethod 0x00000272d00ef810
Event: 3.973 Thread 0x00000272e47af090 flushing nmethod 0x00000272d00f0110
Event: 3.973 Thread 0x00000272e47af090 flushing nmethod 0x00000272d00f0610
Event: 3.973 Thread 0x00000272e47af090 flushing nmethod 0x00000272d00f2090
Event: 3.973 Thread 0x00000272e47af090 flushing nmethod 0x00000272d00f2910
Event: 3.973 Thread 0x00000272e47af090 flushing nmethod 0x00000272d00f4510
Event: 3.973 Thread 0x00000272e47af090 flushing nmethod 0x00000272d00f4890
Event: 3.973 Thread 0x00000272e47af090 flushing nmethod 0x00000272d00f5210
Event: 3.973 Thread 0x00000272e47af090 flushing nmethod 0x00000272d014b390
Event: 3.973 Thread 0x00000272e47af090 flushing nmethod 0x00000272d0232490
Event: 3.973 Thread 0x00000272e47af090 flushing nmethod 0x00000272d0295b90
Event: 3.973 Thread 0x00000272e47af090 flushing nmethod 0x00000272d029f410
Event: 3.973 Thread 0x00000272e47af090 flushing nmethod 0x00000272d029fa90
Event: 3.973 Thread 0x00000272e47af090 flushing nmethod 0x00000272d0329e10
Event: 3.973 Thread 0x00000272e47af090 flushing nmethod 0x00000272d0357e90
Event: 3.973 Thread 0x00000272e47af090 flushing nmethod 0x00000272d035ed10
Event: 3.986 Thread 0x00000272ea735ab0 Thread added: 0x00000272ea735ab0
Event: 4.190 Thread 0x00000272ea33e710 Thread exited: 0x00000272ea33e710
Event: 4.835 Thread 0x00000272ea33cbd0 Thread exited: 0x00000272ea33cbd0


Dynamic libraries:
0x00007ff7fd6e0000 - 0x00007ff7fd6ee000 	C:\Users\zakir\.p2\pool\plugins\org.eclipse.justj.openjdk.hotspot.jre.full.win32.x86_64_22.0.1.v20240426-1149\jre\bin\javaw.exe
0x00007ffa1c480000 - 0x00007ffa1c6e8000 	C:\WINDOWS\SYSTEM32\ntdll.dll
0x00007ffa1b900000 - 0x00007ffa1b9c9000 	C:\WINDOWS\System32\KERNEL32.DLL
0x00007ffa19880000 - 0x00007ffa19c78000 	C:\WINDOWS\System32\KERNELBASE.dll
0x00007ffa19c80000 - 0x00007ffa19dcb000 	C:\WINDOWS\System32\ucrtbase.dll
0x00007ff9e9370000 - 0x00007ff9e9387000 	C:\Users\zakir\.p2\pool\plugins\org.eclipse.justj.openjdk.hotspot.jre.full.win32.x86_64_22.0.1.v20240426-1149\jre\bin\jli.dll
0x00007ffa1a740000 - 0x00007ffa1a907000 	C:\WINDOWS\System32\USER32.dll
0x00007ffa19850000 - 0x00007ffa19877000 	C:\WINDOWS\System32\win32u.dll
0x00007ffa1b690000 - 0x00007ffa1b6bb000 	C:\WINDOWS\System32\GDI32.dll
0x00007ffa19720000 - 0x00007ffa1984c000 	C:\WINDOWS\System32\gdi32full.dll
0x00007ffa19dd0000 - 0x00007ffa19e73000 	C:\WINDOWS\System32\msvcp_win.dll
0x00007ff9e9350000 - 0x00007ff9e936b000 	C:\Users\zakir\.p2\pool\plugins\org.eclipse.justj.openjdk.hotspot.jre.full.win32.x86_64_22.0.1.v20240426-1149\jre\bin\VCRUNTIME140.dll
0x00007ffa019b0000 - 0x00007ffa01c44000 	C:\WINDOWS\WinSxS\amd64_microsoft.windows.common-controls_6595b64144ccf1df_6.0.26100.7019_none_3e06ffa0e335b8a8\COMCTL32.dll
0x00007ffa1c310000 - 0x00007ffa1c3b9000 	C:\WINDOWS\System32\msvcrt.dll
0x00007ffa1a9b0000 - 0x00007ffa1a9e1000 	C:\WINDOWS\System32\IMM32.DLL
0x00007ff9fbeb0000 - 0x00007ff9fc00e000 	C:\Program Files (x86)\Citrix\ICA Client\ctxapclient64.dll
0x00007ffa1a220000 - 0x00007ffa1a5ab000 	C:\WINDOWS\System32\combase.dll
0x00007ffa1b730000 - 0x00007ffa1b848000 	C:\WINDOWS\System32\RPCRT4.dll
0x00007ffa0e8a0000 - 0x00007ffa0e8ab000 	C:\WINDOWS\SYSTEM32\VERSION.dll
0x00007ffa194f0000 - 0x00007ffa1951a000 	C:\WINDOWS\SYSTEM32\bcrypt.dll
0x00007ffa1b850000 - 0x00007ffa1b8f6000 	C:\WINDOWS\System32\sechost.dll
0x00007ffa1bae0000 - 0x00007ffa1bb94000 	C:\WINDOWS\System32\ADVAPI32.dll
0x00007ffa184b0000 - 0x00007ffa184e6000 	C:\WINDOWS\SYSTEM32\ntmarta.dll
0x00007ffa1a170000 - 0x00007ffa1a215000 	C:\WINDOWS\System32\bcryptprimitives.dll
0x00007ff9fbc60000 - 0x00007ff9fbc6c000 	C:\Users\zakir\.p2\pool\plugins\org.eclipse.justj.openjdk.hotspot.jre.full.win32.x86_64_22.0.1.v20240426-1149\jre\bin\vcruntime140_1.dll
0x00007ff9e92c0000 - 0x00007ff9e934e000 	C:\Users\zakir\.p2\pool\plugins\org.eclipse.justj.openjdk.hotspot.jre.full.win32.x86_64_22.0.1.v20240426-1149\jre\bin\msvcp140.dll
0x00007ff983820000 - 0x00007ff9845e2000 	C:\Users\zakir\.p2\pool\plugins\org.eclipse.justj.openjdk.hotspot.jre.full.win32.x86_64_22.0.1.v20240426-1149\jre\bin\server\jvm.dll
0x00007ffa1a5c0000 - 0x00007ffa1a634000 	C:\WINDOWS\System32\WS2_32.dll
0x00007ffa19430000 - 0x00007ffa1948e000 	C:\WINDOWS\SYSTEM32\POWRPROF.dll
0x00007ffa09910000 - 0x00007ffa09945000 	C:\WINDOWS\SYSTEM32\WINMM.dll
0x00007ffa19410000 - 0x00007ffa19424000 	C:\WINDOWS\SYSTEM32\UMPDC.dll
0x00007ffa18390000 - 0x00007ffa183ab000 	C:\WINDOWS\SYSTEM32\kernel.appcore.dll
0x00007ffa15f80000 - 0x00007ffa15f8a000 	C:\Users\zakir\.p2\pool\plugins\org.eclipse.justj.openjdk.hotspot.jre.full.win32.x86_64_22.0.1.v20240426-1149\jre\bin\jimage.dll
0x00007ffa16db0000 - 0x00007ffa16ff2000 	C:\WINDOWS\SYSTEM32\DBGHELP.DLL
0x00000272cbcd0000 - 0x00000272cbda7000 	C:\WINDOWS\System32\OLEAUT32.dll
0x00007ff9e5470000 - 0x00007ff9e54ac000 	C:\WINDOWS\SYSTEM32\dbgcore.DLL
0x00007ff9feff0000 - 0x00007ff9ff00e000 	C:\Users\zakir\.p2\pool\plugins\org.eclipse.justj.openjdk.hotspot.jre.full.win32.x86_64_22.0.1.v20240426-1149\jre\bin\java.dll
0x00007ffa1af20000 - 0x00007ffa1b671000 	C:\WINDOWS\System32\SHELL32.dll
0x00000272cbdb0000 - 0x00000272cbf1b000 	C:\WINDOWS\System32\wintypes.dll
0x00007ffa1bba0000 - 0x00007ffa1bd37000 	C:\WINDOWS\System32\ole32.dll
0x00007ff9eac90000 - 0x00007ff9eaca7000 	C:\Users\zakir\.p2\pool\plugins\org.eclipse.justj.openjdk.hotspot.jre.full.win32.x86_64_22.0.1.v20240426-1149\jre\bin\zip.dll
0x00007ffa17230000 - 0x00007ffa17a8d000 	C:\WINDOWS\SYSTEM32\windows.storage.dll
0x00007ffa1b9d0000 - 0x00007ffa1bac2000 	C:\WINDOWS\System32\SHCORE.dll
0x00007ffa1b6c0000 - 0x00007ffa1b727000 	C:\WINDOWS\System32\shlwapi.dll
0x00007ffa194c0000 - 0x00007ffa194e9000 	C:\WINDOWS\SYSTEM32\profapi.dll
0x00007ffa15cb0000 - 0x00007ffa15cc0000 	C:\Users\zakir\.p2\pool\plugins\org.eclipse.justj.openjdk.hotspot.jre.full.win32.x86_64_22.0.1.v20240426-1149\jre\bin\net.dll
0x00007ffa18900000 - 0x00007ffa1896b000 	C:\WINDOWS\system32\mswsock.dll
0x00007ff9eaa40000 - 0x00007ff9eaa56000 	C:\Users\zakir\.p2\pool\plugins\org.eclipse.justj.openjdk.hotspot.jre.full.win32.x86_64_22.0.1.v20240426-1149\jre\bin\nio.dll
0x00007ff9941d0000 - 0x00007ff99435d000 	C:\Users\zakir\.p2\pool\plugins\org.eclipse.justj.openjdk.hotspot.jre.full.win32.x86_64_22.0.1.v20240426-1149\jre\bin\awt.dll
0x00007ffa16140000 - 0x00007ffa161df000 	C:\WINDOWS\SYSTEM32\apphelp.dll
0x00007ffa16380000 - 0x00007ffa1642a000 	C:\WINDOWS\system32\uxtheme.dll
0x00007ffa1adb0000 - 0x00007ffa1af0e000 	C:\WINDOWS\System32\MSCTF.dll
0x00007ffa16630000 - 0x00007ffa16660000 	C:\WINDOWS\system32\DWMAPI.DLL
0x00007ff9c9c90000 - 0x00007ff9c9d17000 	C:\Users\zakir\.p2\pool\plugins\org.eclipse.justj.openjdk.hotspot.jre.full.win32.x86_64_22.0.1.v20240426-1149\jre\bin\freetype.dll
0x00007ff9be8d0000 - 0x00007ff9be9a8000 	C:\Users\zakir\.p2\pool\plugins\org.eclipse.justj.openjdk.hotspot.jre.full.win32.x86_64_22.0.1.v20240426-1149\jre\bin\fontmanager.dll
0x00007ff9e93e0000 - 0x00007ff9e94ec000 	C:\WINDOWS\system32\opengl32.dll
0x00007ffa05330000 - 0x00007ffa0535d000 	C:\WINDOWS\SYSTEM32\GLU32.dll
0x00007ffa16480000 - 0x00007ffa164c3000 	C:\WINDOWS\SYSTEM32\dxcore.dll
0x00007ff9f74c0000 - 0x00007ff9f74ca000 	C:\Users\zakir\.p2\pool\plugins\org.eclipse.justj.openjdk.hotspot.jre.full.win32.x86_64_22.0.1.v20240426-1149\jre\bin\management.dll
0x00007ff9eaba0000 - 0x00007ff9eabab000 	C:\Users\zakir\.p2\pool\plugins\org.eclipse.justj.openjdk.hotspot.jre.full.win32.x86_64_22.0.1.v20240426-1149\jre\bin\management_ext.dll
0x00000272cc590000 - 0x00000272cc598000 	C:\WINDOWS\System32\PSAPI.DLL
0x00007ff9f2360000 - 0x00007ff9f2378000 	C:\WINDOWS\system32\napinsp.dll
0x00007ffa17e30000 - 0x00007ffa17f5c000 	C:\WINDOWS\SYSTEM32\DNSAPI.dll
0x00007ffa17da0000 - 0x00007ffa17dd4000 	C:\WINDOWS\SYSTEM32\IPHLPAPI.DLL
0x00007ffa1b680000 - 0x00007ffa1b68a000 	C:\WINDOWS\System32\NSI.dll
0x00007ff9f2340000 - 0x00007ff9f2352000 	C:\WINDOWS\System32\winrnr.dll
0x00007ff9f2310000 - 0x00007ff9f2332000 	C:\WINDOWS\system32\nlansp_c.dll
0x00007ffa0df50000 - 0x00007ffa0df66000 	C:\WINDOWS\system32\wshbth.dll
0x00007ffa0c880000 - 0x00007ffa0c88b000 	C:\Windows\System32\rasadhlp.dll
0x00007ffa0d440000 - 0x00007ffa0d4c6000 	C:\WINDOWS\System32\fwpuclnt.dll
0x00007ffa16130000 - 0x00007ffa16140000 	C:\Users\zakir\.p2\pool\plugins\org.eclipse.justj.openjdk.hotspot.jre.full.win32.x86_64_22.0.1.v20240426-1149\jre\bin\verify.dll
0x00007ff9da700000 - 0x00007ff9da847000 	C:\WINDOWS\SYSTEM32\textinputframework.dll
0x00007ff9e8520000 - 0x00007ff9e854e000 	C:\Users\zakir\.p2\pool\plugins\org.eclipse.justj.openjdk.hotspot.jre.full.win32.x86_64_22.0.1.v20240426-1149\jre\bin\javajpeg.dll
0x00007ffa154f0000 - 0x00007ffa15617000 	C:\WINDOWS\SYSTEM32\CoreMessaging.dll
0x00007ffa0cc80000 - 0x00007ffa0cf62000 	C:\WINDOWS\SYSTEM32\CoreUIComponents.dll
0x00007ffa18be0000 - 0x00007ffa18bec000 	C:\WINDOWS\SYSTEM32\CRYPTBASE.DLL

dbghelp: loaded successfully - version: 4.0.5 - missing functions: none
symbol engine: initialized successfully - sym options: 0x614 - pdb path: .;C:\Users\zakir\.p2\pool\plugins\org.eclipse.justj.openjdk.hotspot.jre.full.win32.x86_64_22.0.1.v20240426-1149\jre\bin;C:\WINDOWS\SYSTEM32;C:\WINDOWS\WinSxS\amd64_microsoft.windows.common-controls_6595b64144ccf1df_6.0.26100.7019_none_3e06ffa0e335b8a8;C:\Program Files (x86)\Citrix\ICA Client;C:\Users\zakir\.p2\pool\plugins\org.eclipse.justj.openjdk.hotspot.jre.full.win32.x86_64_22.0.1.v20240426-1149\jre\bin\server

VM Arguments:
jvm_args: -Dfile.encoding=UTF-8 -Dstdout.encoding=UTF-8 -Dstderr.encoding=UTF-8 -XX:+ShowCodeDetailsInExceptionMessages 
java_command: com.automation.bolt.gui.AutomationTestRunner
java_class_path (initial): C:\Users\zakir\eclipse-workspace\tab_CodeBase\target\classes;C:\Users\zakir\.m2\repository\ru\yandex\qatools\ashot\ashot\1.5.4\ashot-1.5.4.jar;C:\Users\zakir\.m2\repository\commons-io\commons-io\2.5\commons-io-2.5.jar;C:\Users\zakir\.m2\repository\org\hamcrest\hamcrest-core\1.3\hamcrest-core-1.3.jar;C:\Users\zakir\.m2\repository\org\seleniumhq\selenium\selenium-remote-driver\4.21.0\selenium-remote-driver-4.21.0.jar;C:\Users\zakir\.m2\repository\com\google\auto\service\auto-service-annotations\1.1.1\auto-service-annotations-1.1.1.jar;C:\Users\zakir\.m2\repository\com\google\guava\guava\33.2.0-jre\guava-33.2.0-jre.jar;C:\Users\zakir\.m2\repository\com\google\guava\failureaccess\1.0.2\failureaccess-1.0.2.jar;C:\Users\zakir\.m2\repository\com\google\guava\listenablefuture\9999.0-empty-to-avoid-conflict-with-guava\listenablefuture-9999.0-empty-to-avoid-conflict-with-guava.jar;C:\Users\zakir\.m2\repository\com\google\code\findbugs\jsr305\3.0.2\jsr305-3.0.2.jar;C:\Users\zakir\.m2\repository\org\checkerframework\checker-qual\3.42.0\checker-qual-3.42.0.jar;C:\Users\zakir\.m2\repository\com\google\errorprone\error_prone_annotations\2.26.1\error_prone_annotations-2.26.1.jar;C:\Users\zakir\.m2\repository\com\google\j2objc\j2objc-annotations\3.0.0\j2objc-annotations-3.0.0.jar;C:\Users\zakir\.m2\repository\io\opentelemetry\semconv\opentelemetry-semconv\1.25.0-alpha\opentelemetry-semconv-1.25.0-alpha.jar;C:\Users\zakir\.m2\repository\io\opentelemetry\opentelemetry-api\1.38.0\opentelemetry-api-1.38.0.jar;C:\Users\zakir\.m2\repository\io\opentelemetry\opentelemetry-context\1.38.0\opentelemetry-context-1.38.0.jar;C:\Users\zakir\.m2\repository\io\opentelemetry\opentelemetry-exporter-logging\1.38.0\opentelemetry-exporter-logging-1.38.0.jar;C:\Users\zakir\.m2\repository\io\opentelemetry\opentelemetry-sdk-common\1.38.0\opentelemetry-sdk-common-1.38.0.jar;C:\Users\zakir\.m2\repository\io\opentelemetry\opentelemetry-sdk-extension-autoconfigure-spi\1.38.0\opentelemetry-sdk-extension-autoconfigure-spi-1.38.0.jar;C:\Users\zakir\.m2\repository\io\opentelemetry\opentelemetry-sdk-extension-autoconfigure\1.38.0\opentelemetry-sdk-extension-autoconfigure-1.38.0.jar;C:\Users\zakir\.m2\repository\io\opentelemetry\opentelemetry-api-incubator\1.38.0-alpha\opentelemetry-api-incubator-1.38.0-alpha.jar;C:\Users\zakir\.m2\repository\io\opentelemetry\opentelemetry-sdk-trace\1.38.0\opentelemetry-sdk-trace-1.38.0.jar;C:\Users\zakir\.m2\repository\io\opentelemetry\opentelemetry-sdk\1.38.0\opentelemetry-sdk-1.38.0.jar;C:\Users\zakir\.m2\repository\io\opentelemetry\opentelemetry-sdk-metrics\1.38.0\opentelemetry-sdk-metrics-1.38.0.jar;C:\Users\zakir\.m2\repository\io\opentelemetry\opentelemetry-sdk-logs\1.38.0\opentelemetry-sdk-logs-1.38.0.jar;C:\Users\zakir\.m2\repository\net\bytebuddy\byte-buddy\1.14.15\byte-buddy-1.14.15.jar;C:\Users\zakir\.m2\repository\org\seleniumhq\selenium\selenium-api\4.21.0\selenium-api-4.21.0.jar;C:\Users\zakir\.m2\repository\org\seleniumhq\selenium\selenium-http\4.21.0\selenium-http-4.21.0.jar;C:\Users\zakir\.m2\repository\dev\failsafe\failsafe\3.3.2\failsafe-3.3.2.jar;C:\Users\zakir\.m2\repository\org\seleniumhq\selenium\selenium-json\4.21.0\selenium-json-4.21.0.jar;C:\Users\zakir\.m2\repository\org\seleniumhq\selenium\selenium-manager\4.21.0\selenium-manager-4.21.0.jar;C:\Users\zakir\.m2\repository\org\seleniumhq\selenium\selenium-os\4.21.0\selenium-os-4.21.0.jar;C:\Users\zakir\.m2\repository\org\apache\commons\commons-exec\1.4.0\commons-exec-1.4.0.jar;C:\Users\zakir\.m2\repository\com\fifesoft\autocomplete\1.5.0\autocomplete-1.5.0.jar;C:\Users\zakir\.m2\repository\com\fifesoft\rsyntaxtextarea\1.5.0\rsyntaxtextarea-1.5.0.jar;C:\Users\zakir\.m2\repository\org\swinglabs\swingx\swingx-autocomplete\1.6.5-1\swingx-autocomplete-1.6.5-1.jar;C:\Users\zakir\.m2\repository\org\swinglabs\swingx\swingx-common\1.6.5-1\swingx-common-1.6.5-1.jar;C:\Users\zakir\.m2\repository\org\apache\poi\poi\5.0.0\poi-5.0.0.jar;C:\Users\zakir\.m2\repository\org\slf4j\slf4j-api\1.7.30\slf4j-api-1.7.30.jar;C:\Users\zakir\.m2\repository\org\slf4j\jcl-over-slf4j\1.7.30\jcl-over-slf4j-1.7.30.jar;C:\Users\zakir\.m2\repository\commons-codec\commons-codec\1.15\commons-codec-1.15.jar;C:\Users\zakir\.m2\repository\org\apache\commons\commons-collections4\4.4\commons-collections4-4.4.jar;C:\Users\zakir\.m2\repository\org\apache\commons\commons-math3\3.6.1\commons-math3-3.6.1.jar;C:\Users\zakir\.m2\repository\com\zaxxer\SparseBitSet\1.2\SparseBitSet-1.2.jar;C:\Users\zakir\.m2\repository\net\sourceforge\jexcelapi\jxl\2.6.12\jxl-2.6.12.jar;C:\Users\zakir\.m2\repository\log4j\log4j\1.2.14\log4j-1.2.14.jar;C:\Users\zakir\.m2\repository\com\googlecode\json-simple\json-simple\1.1\json-simple-1.1.jar;C:\Users\zakir\.m2\repository\org\apache\poi\poi-ooxml\5.0.0\poi-ooxml-5.0.0.jar;C:\Users\zakir\.m2\repository\org\apache\poi\poi-ooxml-lite\5.0.0\poi-ooxml-lite-5.0.0.jar;C:\Users\zakir\.m2\repository\org\apache\xmlbeans\xmlbeans\4.0.0\xmlbeans-4.0.0.jar;C:\Users\zakir\.m2\repository\org\apache\commons\commons-compress\1.20\commons-compress-1.20.jar;C:\Users\zakir\.m2\repository\com\github\virtuald\curvesapi\1.06\curvesapi-1.06.jar;C:\Users\zakir\.m2\repository\org\bouncycastle\bcpkix-jdk15on\1.68\bcpkix-jdk15on-1.68.jar;C:\Users\zakir\.m2\repository\org\bouncycastle\bcprov-jdk15on\1.68\bcprov-jdk15on-1.68.jar;C:\Users\zakir\.m2\repository\org\apache\santuario\xmlsec\2.2.1\xmlsec-2.2.1.jar;C:\Users\zakir\.m2\repository\com\fasterxml\woodstox\woodstox-core\5.2.1\woodstox-core-5.2.1.jar;C:\Users\zakir\.m2\repository\org\codehaus\woodstox\stax2-api\4.2\stax2-api-4.2.jar;C:\Users\zakir\.m2\repository\jakarta\xml\bind\jakarta.xml.bind-api\2.3.2\jakarta.xml.bind-api-2.3.2.jar;C:\Users\zakir\.m2\repository\jakarta\activation\jakarta.activation-api\1.2.1\jakarta.activation-api-1.2.1.jar;C:\Users\zakir\.m2\repository\org\apache\xmlgraphics\batik-all\1.13\batik-all-1.13.jar;C:\Users\zakir\.m2\repository\org\apache\xmlgraphics\batik-anim\1.13\batik-anim-1.13.jar;C:\Users\zakir\.m2\repository\org\apache\xmlgraphics\batik-shared-resources\1.13\batik-shared-resources-1.13.jar;C:\Users\zakir\.m2\repository\xml-apis\xml-apis-ext\1.3.04\xml-apis-ext-1.3.04.jar;C:\Users\zakir\.m2\repository\org\apache\xmlgraphics\batik-awt-util\1.13\batik-awt-util-1.13.jar;C:\Users\zakir\.m2\repository\org\apache\xmlgraphics\xmlgraphics-commons\2.4\xmlgraphics-commons-2.4.jar;C:\Users\zakir\.m2\repository\org\apache\xmlgraphics\batik-bridge\1.13\batik-bridge-1.13.jar;C:\Users\zakir\.m2\repository\org\apache\xmlgraphics\batik-codec\1.13\batik-codec-1.13.jar;C:\Users\zakir\.m2\repository\org\apache\xmlgraphics\batik-constants\1.13\batik-constants-1.13.jar;C:\Users\zakir\.m2\repository\org\apache\xmlgraphics\batik-css\1.13\batik-css-1.13.jar;C:\Users\zakir\.m2\repository\org\apache\xmlgraphics\batik-dom\1.13\batik-dom-1.13.jar;C:\Users\zakir\.m2\repository\xalan\xalan\2.7.2\xalan-2.7.2.jar;C:\Users\zakir\.m2\repository\xalan\serializer\2.7.2\serializer-2.7.2.jar;C:\Users\zakir\.m2\repository\xml-apis\xml-apis\1.4.01\xml-apis-1.4.01.jar;C:\Users\zakir\.m2\repository\org\apache\xmlgraphics\batik-ext\1.13\batik-ext-1.13.jar;C:\Users\zakir\.m2\repository\org\apache\xmlgraphics\batik-extension\1.13\batik-extension-1.13.jar;C:\Users\zakir\.m2\repository\org\apache\xmlgraphics\batik-gui-util\1.13\batik-gui-util-1.13.jar;C:\Users\zakir\.m2\repository\org\apache\xmlgraphics\batik-gvt\1.13\batik-gvt-1.13.jar;C:\Users\zakir\.m2\repository\org\apache\xmlgraphics\batik-i18n\1.13\batik-i18n-1.13.jar;C:\Users\zakir\.m2\repository\org\apache\xmlgraphics\batik-parser\1.13\batik-parser-1.13.jar;C:\Users\zakir\.m2\repository\org\apache\xmlgraphics\batik-rasterizer-ext\1.13\batik-rasterizer-ext-1.13.jar;C:\Users\zakir\.m2\repository\org\apache\xmlgraphics\batik-rasterizer\1.13\batik-rasterizer-1.13.jar;C:\Users\zakir\.m2\repository\org\apache\xmlgraphics\batik-script\1.13\batik-script-1.13.jar;C:\Users\zakir\.m2\repository\org\apache\xmlgraphics\batik-slideshow\1.13\batik-slideshow-1.13.jar;C:\Users\zakir\.m2\repository\org\apache\xmlgraphics\batik-squiggle-ext\1.13\batik-squiggle-ext-1.13.jar;C:\Users\zakir\.m2\repository\org\apache\xmlgraphics\batik-squiggle\1.13\batik-squiggle-1.13.jar;C:\Users\zakir\.m2\repository\org\apache\xmlgraphics\batik-svg-dom\1.13\batik-svg-dom-1.13.jar;C:\Users\zakir\.m2\repository\org\apache\xmlgraphics\batik-svgbrowser\1.13\batik-svgbrowser-1.13.jar;C:\Users\zakir\.m2\repository\org\apache\xmlgraphics\batik-svggen\1.13\batik-svggen-1.13.jar;C:\Users\zakir\.m2\repository\org\apache\xmlgraphics\batik-svgpp\1.13\batik-svgpp-1.13.jar;C:\Users\zakir\.m2\repository\org\apache\xmlgraphics\batik-svgrasterizer\1.13\batik-svgrasterizer-1.13.jar;C:\Users\zakir\.m2\repository\org\apache\xmlgraphics\batik-swing\1.13\batik-swing-1.13.jar;C:\Users\zakir\.m2\repository\org\apache\xmlgraphics\batik-transcoder\1.13\batik-transcoder-1.13.jar;C:\Users\zakir\.m2\repository\org\apache\xmlgraphics\batik-util\1.13\batik-util-1.13.jar;C:\Users\zakir\.m2\repository\org\apache\xmlgraphics\batik-ttf2svg\1.13\batik-ttf2svg-1.13.jar;C:\Users\zakir\.m2\repository\org\apache\xmlgraphics\batik-xml\1.13\batik-xml-1.13.jar;C:\Users\zakir\.m2\repository\de\rototor\pdfbox\graphics2d\0.30\graphics2d-0.30.jar;C:\Users\zakir\.m2\repository\org\apache\pdfbox\pdfbox\2.0.22\pdfbox-2.0.22.jar;C:\Users\zakir\.m2\repository\org\apache\pdfbox\fontbox\2.0.22\fontbox-2.0.22.jar;C:\Users\zakir\.m2\repository\org\seleniumhq\selenium\selenium-java\4.21.0\selenium-java-4.21.0.jar;C:\Users\zakir\.m2\repository\org\seleniumhq\selenium\selenium-chrome-driver\4.21.0\selenium-chrome-driver-4.21.0.jar;C:\Users\zakir\.m2\repository\org\seleniumhq\selenium\selenium-chromium-driver\4.21.0\selenium-chromium-driver-4.21.0.jar;C:\Users\zakir\.m2\repository\org\seleniumhq\selenium\selenium-devtools-v123\4.21.0\selenium-devtools-v123-4.21.0.jar;C:\Users\zakir\.m2\repository\org\seleniumhq\selenium\selenium-devtools-v124\4.21.0\selenium-devtools-v124-4.21.0.jar;C:\Users\zakir\.m2\repository\org\seleniumhq\selenium\selenium-devtools-v125\4.21.0\selenium-devtools-v125-4.21.0.jar;C:\Users\zakir\.m2\repository\org\seleniumhq\selenium\selenium-devtools-v85\4.21.0\selenium-devtools-v85-4.21.0.jar;C:\Users\zakir\.m2\repository\org\seleniumhq\selenium\selenium-edge-driver\4.21.0\selenium-edge-driver-4.21.0.jar;C:\Users\zakir\.m2\repository\org\seleniumhq\selenium\selenium-firefox-driver\4.21.0\selenium-firefox-driver-4.21.0.jar;C:\Users\zakir\.m2\repository\org\seleniumhq\selenium\selenium-ie-driver\4.21.0\selenium-ie-driver-4.21.0.jar;C:\Users\zakir\.m2\repository\org\seleniumhq\selenium\selenium-safari-driver\4.21.0\selenium-safari-driver-4.21.0.jar;C:\Users\zakir\.m2\repository\org\seleniumhq\selenium\selenium-support\4.21.0\selenium-support-4.21.0.jar;C:\Users\zakir\.m2\repository\com\google\code\gson\gson\2.10.1\gson-2.10.1.jar;C:\Users\zakir\.m2\repository\org\apache\logging\log4j\log4j-api\2.23.1\log4j-api-2.23.1.jar;C:\Users\zakir\.m2\repository\org\apache\logging\log4j\log4j-core\2.23.1\log4j-core-2.23.1.jar;C:\Users\zakir\.m2\repository\org\json\json\20240303\json-20240303.jar;C:\Users\zakir\.m2\repository\io\github\bonigarcia\webdrivermanager\5.3.3\webdrivermanager-5.3.3.jar;C:\Users\zakir\.m2\repository\com\github\docker-java\docker-java\3.3.0\docker-java-3.3.0.jar;C:\Users\zakir\.m2\repository\com\github\docker-java\docker-java-core\3.3.0\docker-java-core-3.3.0.jar;C:\Users\zakir\.m2\repository\com\github\docker-java\docker-java-api\3.3.0\docker-java-api-3.3.0.jar;C:\Users\zakir\.m2\repository\com\fasterxml\jackson\core\jackson-annotations\2.10.3\jackson-annotations-2.10.3.jar;C:\Users\zakir\.m2\repository\com\fasterxml\jackson\core\jackson-databind\2.10.3\jackson-databind-2.10.3.jar;C:\Users\zakir\.m2\repository\com\fasterxml\jackson\core\jackson-core\2.10.3\jackson-core-2.10.3.jar;C:\Users\zakir\.m2\repository\com\github\docker-java\docker-java-transport-httpclient5\3.3.0\docker-java-transport-httpclient5-3.3.0.jar;C:\Users\zakir\.m2\repository\com\github\docker-java\docker-java-transport\3.3.0\docker-java-transport-3.3.0.jar;C:\Users\zakir\.m2\repository\net\java\dev\jna\jna\5.12.1\jna-5.12.1.jar;C:\Users\zakir\.m2\repository\org\brotli\dec\0.1.2\dec-0.1.2.jar;C:\Users\zakir\.m2\repository\org\apache\commons\commons-lang3\3.12.0\commons-lang3-3.12.0.jar;C:\Users\zakir\.m2\repository\org\apache\httpcomponents\client5\httpclient5\5.2.1\httpclient5-5.2.1.jar;C:\Users\zakir\.m2\repository\org\apache\httpcomponents\core5\httpcore5\5.2\httpcore5-5.2.jar;C:\Users\zakir\.m2\repository\org\apache\httpcomponents\core5\httpcore5-h2\5.2\httpcore5-h2-5.2.jar;C:\Users\zakir\.m2\repository\org\netbeans\external\AbsoluteLayout\RELEASE122\AbsoluteLayout-RELEASE122.jar;C:\Users\zakir\.m2\repository\org\eclipse\persistence\org.eclipse.persistence.core\2.6.3\org.eclipse.persistence.core-2.6.3.jar;C:\Users\zakir\.m2\repository\org\eclipse\persistence\org.eclipse.persistence.asm\2.6.3\org.eclipse.persistence.asm-2.6.3.jar;C:\Users\zakir\.m2\repository\org\glassfish\javax.json\1.0.4\javax.json-1.0.4.jar;C:\Users\zakir\.m2\repository\org\apache\httpcomponents\httpclient\4.5.14\httpclient-4.5.14.jar;C:\Users\zakir\.m2\repository\org\apache\httpcomponents\httpcore\4.4.16\httpcore-4.4.16.jar;C:\Users\zakir\.m2\repository\commons-logging\commons-logging\1.2\commons-logging-1.2.jar;C:\Users\zakir\.m2\repository\com\aventstack\extentreports\5.1.2\extentreports-5.1.2.jar;C:\Users\zakir\.m2\repository\io\reactivex\rxjava3\rxjava\3.1.6\rxjava-3.1.6.jar;C:\Users\zakir\.m2\repository\org\reactivestreams\reactive-streams\1.0.4\reactive-streams-1.0.4.jar;C:\Users\zakir\.m2\repository\org\freemarker\freemarker\2.3.32\freemarker-2.3.32.jar;C:\Users\zakir\.m2\repository\org\projectlombok\lombok\1.18.26\lombok-1.18.26.jar;C:\Users\zakir\.m2\repository\org\rapidoid\rapidoid-var\5.0.7\rapidoid-var-5.0.7.jar;C:\Users\zakir\.m2\repository\org\rapidoid\rapidoid-commons\5.0.7\rapidoid-commons-5.0.7.jar;C:\Users\zakir\.m2\repository\org\rapidoid\rapidoid-u\5.0.7\rapidoid-u-5.0.7.jar;C:\Users\zakir\.m2\repository\org\rapidoid\rapidoid-log\5.0.7\rapidoid-log-5.0.7.jar;C:\Users\zakir\.m2\repository\org\rapidoid\rapidoid-insights\5.0.7\rapidoid-insights-5.0.7.jar;C:\Users\zakir\.m2\repository\org\rapidoid\rapidoid-measure\5.0.7\rapidoid-measure-5.0.7.jar;C:\Users\zakir\.m2\repository\org\rapidoid\rapidoid-annotations\5.0.7\rapidoid-annotations-5.0.7.jar
Launcher Type: SUN_STANDARD

[Global flags]
     intx CICompilerCount                          = 4                                         {product} {ergonomic}
     uint ConcGCThreads                            = 2                                         {product} {ergonomic}
     uint G1ConcRefinementThreads                  = 8                                         {product} {ergonomic}
   size_t G1HeapRegionSize                         = 1048576                                   {product} {ergonomic}
   size_t InitialHeapSize                          = 132120576                                 {product} {ergonomic}
   size_t MarkStackSize                            = 4194304                                   {product} {ergonomic}
   size_t MaxHeapSize                              = 2109734912                                {product} {ergonomic}
   size_t MaxNewSize                               = 1265631232                                {product} {ergonomic}
   size_t MinHeapDeltaBytes                        = 1048576                                   {product} {ergonomic}
   size_t MinHeapSize                              = 8388608                                   {product} {ergonomic}
    uintx NonNMethodCodeHeapSize                   = 5839372                                {pd product} {ergonomic}
    uintx NonProfiledCodeHeapSize                  = 122909434                              {pd product} {ergonomic}
    uintx ProfiledCodeHeapSize                     = 122909434                              {pd product} {ergonomic}
    uintx ReservedCodeCacheSize                    = 251658240                              {pd product} {ergonomic}
     bool SegmentedCodeCache                       = true                                      {product} {ergonomic}
     bool ShowCodeDetailsInExceptionMessages       = true                                   {manageable} {command line}
   size_t SoftMaxHeapSize                          = 2109734912                             {manageable} {ergonomic}
     bool UseCompressedOops                        = true                           {product lp64_product} {ergonomic}
     bool UseG1GC                                  = true                                      {product} {ergonomic}
     bool UseLargePagesIndividualAllocation        = false                                  {pd product} {ergonomic}

Logging:
Log output configuration:
 #0: stdout all=warning uptime,level,tags foldmultilines=false
 #1: stderr all=off uptime,level,tags foldmultilines=false

Environment Variables:
JAVA_HOME=C:\Program Files\Java\jdk-17
CLASSPATH=C:\Users\zakir\eclipse-workspace\tab_CodeBase\target\bolt-bolt1.0-jar-with-dependencies.jar;
PATH=C:/Users/zakir/.p2/pool/plugins/org.eclipse.justj.openjdk.hotspot.jre.full.win32.x86_64_22.0.1.v20240426-1149/jre/bin/server;C:/Users/zakir/.p2/pool/plugins/org.eclipse.justj.openjdk.hotspot.jre.full.win32.x86_64_22.0.1.v20240426-1149/jre/bin;C:\Program Files\Common Files\Oracle\Java\javapath;C:\Python39\Scripts\;C:\Python39\;C:\WINDOWS\system32;C:\WINDOWS;C:\WINDOWS\System32\Wbem;C:\WINDOWS\System32\WindowsPowerShell\v1.0\;C:\WINDOWS\System32\OpenSSH\;C:\Users\zakir\AppData\Local\Android\Sdk\platform-tools;C:\Users\zakir\AppData\Local\Android\Sdk\tools;C:\Users\zakir\AppData\Local\Android\Sdk\tools\bin;C:\ProgramData\chocolatey\bin;C:\Program Files\TortoiseGit\bin;C:\Program Files\apache-maven-3.8.5\bin;C:\Program Files\apache-maven-3.8.5\bin;C:\Program Files\Java\jdk-17\bin;C:\Program Files\Git\cmd;C:\Program Files\nodejs\;C:\Users\zakir\AppData\Local\Android\Sdk\platform-tools;C:\Users\zakir\AppData\Local\Android\Sdk\build-tools;C:\Users\zakir\AppData\Local\Android\Sdk\tools;C:\Program Files\dotnet\;C:\Python_WebDrivers\;C:\Program Files (x86)\Windows Kits\10\Windows Performance Toolkit\;C:\Users\zakir\AppData\Local\Programs\Python\Python312\Scripts\;C:\Users\zakir\AppData\Local\Programs\Python\Python312\;C:\Users\zakir\AppData\Local\Microsoft\WindowsApps;C:\Program Files\apache-maven-3.8.5\bin;C:\Program Files\JetBrains\IntelliJ IDEA 2024.1.3\bin;;C:\Users\zakir\AppData\Local\GitHubDesktop\bin;C:\Users\zakir\AppData\Roaming\npm;C:\Program Files\JetBrains\PyCharm Community Edition 2024.3.4\bin;;;C:\Users\zakir\Desktop\New folder;
USERNAME=zakir
OS=Windows_NT
PROCESSOR_IDENTIFIER=Intel64 Family 6 Model 142 Stepping 12, GenuineIntel
TMP=C:\Users\zakir\AppData\Local\Temp
TEMP=C:\Users\zakir\AppData\Local\Temp




Periodic native trim disabled

---------------  S Y S T E M  ---------------

OS:
 Windows 11 , 64 bit Build 26100 (10.0.26100.7019)
OS uptime: 2 days 1:02 hours

CPU: total 8 (initial active 8) (4 cores per cpu, 2 threads per core) family 6 model 142 stepping 12 microcode 0xde, cx8, cmov, fxsr, ht, mmx, 3dnowpref, sse, sse2, sse3, ssse3, sse4.1, sse4.2, popcnt, lzcnt, tsc, tscinvbit, avx, avx2, aes, erms, clmul, bmi1, bmi2, adx, fma, vzeroupper, clflush, clflushopt, rdtscp, f16c
Processor Information for all 8 processors :
  Max Mhz: 1800, Current Mhz: 1600, Mhz Limit: 1584

Memory: 4k page, system-wide physical 8043M (1101M free)
TotalPageFile size 19865M (AvailPageFile size 3M)
current process WorkingSet (physical memory assigned to process): 164M, peak: 172M
current process commit charge ("private bytes"): 185M, peak: 241M

vm_info: OpenJDK 64-Bit Server VM (22.0.1+8) for windows-amd64 JRE (22.0.1+8), built on 2024-04-16T00:00:00Z by "admin" with MS VC++ 17.7 (VS2022)

END.
